Commit #1: feat: add role-based access control to news endpoints
Commit #2: fix: resolve race condition in redis session validation
Commit #3: perf: optimize gorm preload for staff role permissions
Commit #4: refactor: extract storage logic into interface-based service
Commit #5: feat: implement backblaze b2 s3-compatible upload provider
Commit #6: fix: handle mysql char(36) uuid mapping in migrations
Commit #7: feat: add global cors middleware with origin allowlist
Commit #8: chore: set nairobi eat timezone as default for local time
Commit #9: feat: add health check endpoints for root and api levels
Commit #10: refactor: implement automated jti whitelisting via redis
Commit #11: fix: explicit varchar lengths for mysql unique indices
Commit #12: feat: add fan and sponsor management repositories
Commit #13: feat: implement payment tracking and automated receipts
Commit #14: docs: update readme with deployment and nginx prefix stripping
Commit #15: feat: add staff-specific permission guards for jersey crud
Commit #16: fix: improve error handling for cloudinary-to-b2 migration
Commit #17: feat: add league table calculation hook in storage layer
Commit #18: chore: optimize docker multi-stage build caching
Commit #19: feat: add mpesa payment integration stubs for later use
Commit #20: refactor: clean up auth middleware and jwt token claims
Commit #21: fix: resolve dependency conflicts in go.mod tidy
